Using pre-set license
Built from '2020.3/staging' branch; Version is '2020.3.39f1 (fd6670bb8be9) revision 16606832'; Using compiler version '192528614'; Build Type 'Release'
OS: 'Windows 10  (10.0.19044) 64bit Core' Language: 'en' Physical Memory: 32690 MB
BatchMode: 1, IsHumanControllingUs: 0, StartBugReporterOnCrash: 0, Is64bit: 1, IsPro: 0

COMMAND LINE ARGUMENTS:
C:\Program Files\Unity\Hub\Editor\2020.3.39f1\Editor\Unity.exe
-adb2
-batchMode
-noUpm
-name
AssetImportWorker4
-projectPath
C:/Projects/bitnaughts/bitnaughts.unity
-logFile
Logs/AssetImportWorker4.log
-srvPort
63958
Successfully changed project path to: C:/Projects/bitnaughts/bitnaughts.unity
C:/Projects/bitnaughts/bitnaughts.unity
Using Asset Import Pipeline V2.
Refreshing native plugins compatible for Editor in 55.34 ms, found 2 plugins.
Preloading 0 native plugins for Editor in 0.00 ms.
Initialize engine version: 2020.3.39f1 (fd6670bb8be9)
[Subsystems] Discovering subsystems at path C:/Program Files/Unity/Hub/Editor/2020.3.39f1/Editor/Data/Resources/UnitySubsystems
[Subsystems] Discovering subsystems at path C:/Projects/bitnaughts/bitnaughts.unity/Assets
GfxDevice: creating device client; threaded=0
Direct3D:
    Version:  Direct3D 11.0 [level 11.1]
    Renderer: NVIDIA GeForce RTX 3080 (ID=0x2206)
    Vendor:   
    VRAM:     10078 MB
    Driver:   30.0.14.9729
Initialize mono
Mono path[0] = 'C:/Program Files/Unity/Hub/Editor/2020.3.39f1/Editor/Data/Managed'
Mono path[1] = 'C:/Program Files/Unity/Hub/Editor/2020.3.39f1/Editor/Data/MonoBleedingEdge/lib/mono/unityjit'
Mono config path = 'C:/Program Files/Unity/Hub/Editor/2020.3.39f1/Editor/Data/MonoBleedingEdge/etc'
Using monoOptions --debugger-agent=transport=dt_socket,embedding=1,server=y,suspend=n,address=127.0.0.1:56672
Begin MonoManager ReloadAssembly
Registering precompiled unity dll's ...
Register platform support module: C:/Program Files/Unity/Hub/Editor/2020.3.39f1/Editor/Data/PlaybackEngines/WebGLSupport/UnityEditor.WebGL.Extensions.dll
Register platform support module: C:/Program Files/Unity/Hub/Editor/2020.3.39f1/Editor/Data/PlaybackEngines/MacStandaloneSupport/UnityEditor.OSXStandalone.Extensions.dll
Register platform support module: C:/Program Files/Unity/Hub/Editor/2020.3.39f1/Editor/Data/PlaybackEngines/WindowsStandaloneSupport/UnityEditor.WindowsStandalone.Extensions.dll
Register platform support module: C:/Program Files/Unity/Hub/Editor/2020.3.39f1/Editor/Data/PlaybackEngines/LinuxStandaloneSupport/UnityEditor.LinuxStandalone.Extensions.dll
Registered in 0.002581 seconds.
Native extension for LinuxStandalone target not found
Native extension for WindowsStandalone target not found
Native extension for OSXStandalone target not found
Native extension for WebGL target not found
Refreshing native plugins compatible for Editor in 49.49 ms, found 2 plugins.
Preloading 0 native plugins for Editor in 0.00 ms.
Mono: successfully reloaded assembly
- Completed reload, in  0.470 seconds
Domain Reload Profiling:
	ReloadAssembly (470ms)
		BeginReloadAssembly (50ms)
			ExecutionOrderSort (0ms)
			DisableScriptedObjects (0ms)
			BackupInstance (0ms)
			ReleaseScriptingObjects (0ms)
			CreateAndSetChildDomain (1ms)
		EndReloadAssembly (365ms)
			LoadAssemblies (48ms)
			RebuildTransferFunctionScriptingTraits (0ms)
			SetupTypeCache (114ms)
			ReleaseScriptCaches (0ms)
			RebuildScriptCaches (23ms)
			SetupLoadedEditorAssemblies (147ms)
				LogAssemblyErrors (0ms)
				InitializePlatformSupportModulesInManaged (6ms)
				SetLoadedEditorAssemblies (0ms)
				RefreshPlugins (50ms)
				BeforeProcessingInitializeOnLoad (6ms)
				ProcessInitializeOnLoadAttributes (64ms)
				ProcessInitializeOnLoadMethodAttributes (22ms)
				AfterProcessingInitializeOnLoad (0ms)
				EditorAssembliesLoaded (0ms)
			ExecutionOrderSort2 (0ms)
			AwakeInstancesAfterBackupRestoration (0ms)
Platform modules already initialized, skipping
Registering precompiled user dll's ...
Registered in 0.002814 seconds.
Begin MonoManager ReloadAssembly
Native extension for LinuxStandalone target not found
Native extension for WindowsStandalone target not found
Native extension for OSXStandalone target not found
Native extension for WebGL target not found
Refreshing native plugins compatible for Editor in 49.92 ms, found 2 plugins.
Preloading 0 native plugins for Editor in 0.00 ms.
Mono: successfully reloaded assembly
- Completed reload, in  0.887 seconds
Domain Reload Profiling:
	ReloadAssembly (888ms)
		BeginReloadAssembly (119ms)
			ExecutionOrderSort (0ms)
			DisableScriptedObjects (4ms)
			BackupInstance (0ms)
			ReleaseScriptingObjects (0ms)
			CreateAndSetChildDomain (15ms)
		EndReloadAssembly (721ms)
			LoadAssemblies (76ms)
			RebuildTransferFunctionScriptingTraits (0ms)
			SetupTypeCache (239ms)
			ReleaseScriptCaches (0ms)
			RebuildScriptCaches (40ms)
			SetupLoadedEditorAssemblies (283ms)
				LogAssemblyErrors (0ms)
				InitializePlatformSupportModulesInManaged (5ms)
				SetLoadedEditorAssemblies (0ms)
				RefreshPlugins (50ms)
				BeforeProcessingInitializeOnLoad (64ms)
				ProcessInitializeOnLoadAttributes (147ms)
				ProcessInitializeOnLoadMethodAttributes (10ms)
				AfterProcessingInitializeOnLoad (7ms)
				EditorAssembliesLoaded (0ms)
			ExecutionOrderSort2 (0ms)
			AwakeInstancesAfterBackupRestoration (1ms)
Platform modules already initialized, skipping
========================================================================
Worker process is ready to serve import requests
Launched and connected shader compiler UnityShaderCompiler.exe after 0.03 seconds
Refreshing native plugins compatible for Editor in 0.45 ms, found 2 plugins.
Preloading 0 native plugins for Editor in 0.00 ms.
Unloading 2952 Unused Serialized files (Serialized files now loaded: 0)
System memory in use before: 132.9 MB.
System memory in use after: 133.1 MB.

Unloading 16 unused Assets to reduce memory usage. Loaded Objects now: 3398.
Total: 2.219600 ms (FindLiveObjects: 0.179800 ms CreateObjectMapping: 0.115600 ms MarkObjects: 1.904500 ms  DeleteObjects: 0.019100 ms)

AssetImportParameters requested are different than current active one (requested -> active):
  custom:framework-win-MediaFoundation: 216162199b28c13a410421893ffa2e32 -> 
  custom:video-decoder-ogg-theora: a1e56fd34408186e4bbccfd4996cb3dc -> 
  custom:container-muxer-webm: aa71ff27fc2769a1b78a27578f13a17b -> 
  custom:container-demuxer-webm: 4f35f7cbe854078d1ac9338744f61a02 -> 
  custom:container-demuxer-ogg: 62fdf1f143b41e24485cea50d1cbac27 -> 
  custom:video-encoder-webm-vp8: eb34c28f22e8b96e1ab97ce403110664 -> 
  custom:video-decoder-webm-vp8: 9c59270c3fd7afecdb556c50c9e8de78 -> 
  custom:audio-decoder-ogg-vorbis: bf7c407c2cedff20999df2af8eb42d56 -> 
  custom:audio-encoder-webm-vorbis: bf7c407c2cedff20999df2af8eb42d56 -> 
========================================================================
Received Import Request.
  path: Assets/bitnaughts.components/Prefabs/Explosion.prefab
  artifactKey: Guid(c7e233ac81bff134fb46f505fa5858df) Importer(815301076,1909f56bfc062723c751e8b465ee728b)
Start importing Assets/bitnaughts.components/Prefabs/Explosion.prefab using Guid(c7e233ac81bff134fb46f505fa5858df) Importer(815301076,1909f56bfc062723c751e8b465ee728b)  -> (artifact id: 'cae654694684d9be5e52fbeb9df35435') in 0.074078 seconds 
========================================================================
Received Import Request.
  Time since last request: 8.034516 seconds.
  path: Assets/bitnaughts.components/Prefabs/Explosion.prefab
  artifactKey: Guid(c7e233ac81bff134fb46f505fa5858df) Importer(815301076,1909f56bfc062723c751e8b465ee728b)
Start importing Assets/bitnaughts.components/Prefabs/Explosion.prefab using Guid(c7e233ac81bff134fb46f505fa5858df) Importer(815301076,1909f56bfc062723c751e8b465ee728b)  -> (artifact id: '7a9908a073120cc92b2e3a568e7628eb') in 0.010877 seconds 
========================================================================
Received Import Request.
  Time since last request: 1.984290 seconds.
  path: Assets/bitnaughts.components/Prefabs/Explosion.prefab
  artifactKey: Guid(c7e233ac81bff134fb46f505fa5858df) Importer(815301076,1909f56bfc062723c751e8b465ee728b)
Start importing Assets/bitnaughts.components/Prefabs/Explosion.prefab using Guid(c7e233ac81bff134fb46f505fa5858df) Importer(815301076,1909f56bfc062723c751e8b465ee728b)  -> (artifact id: 'b6a567cb3a529e565000279099be8d95') in 0.008573 seconds 
========================================================================
Received Import Request.
  Time since last request: 2.957728 seconds.
  path: Assets/bitnaughts.components/Prefabs/Explosion.prefab
  artifactKey: Guid(c7e233ac81bff134fb46f505fa5858df) Importer(815301076,1909f56bfc062723c751e8b465ee728b)
Start importing Assets/bitnaughts.components/Prefabs/Explosion.prefab using Guid(c7e233ac81bff134fb46f505fa5858df) Importer(815301076,1909f56bfc062723c751e8b465ee728b)  -> (artifact id: '683a2faba2796805cff7e6bf87cb408b') in 0.010522 seconds 
========================================================================
Received Import Request.
  Time since last request: 3.872611 seconds.
  path: Assets/bitnaughts.components/Prefabs/Explosion.prefab
  artifactKey: Guid(c7e233ac81bff134fb46f505fa5858df) Importer(815301076,1909f56bfc062723c751e8b465ee728b)
Start importing Assets/bitnaughts.components/Prefabs/Explosion.prefab using Guid(c7e233ac81bff134fb46f505fa5858df) Importer(815301076,1909f56bfc062723c751e8b465ee728b)  -> (artifact id: 'b6c6df15b5b59a1ab8c0d2610fbbac92') in 0.007649 seconds 
========================================================================
Received Import Request.
  Time since last request: 1.820945 seconds.
  path: Assets/bitnaughts.components/Prefabs/Explosion.prefab
  artifactKey: Guid(c7e233ac81bff134fb46f505fa5858df) Importer(815301076,1909f56bfc062723c751e8b465ee728b)
Start importing Assets/bitnaughts.components/Prefabs/Explosion.prefab using Guid(c7e233ac81bff134fb46f505fa5858df) Importer(815301076,1909f56bfc062723c751e8b465ee728b)  -> (artifact id: '612c4a8f3c284774b8c48b680510095d') in 0.008889 seconds 
========================================================================
Received Import Request.
  Time since last request: 47.749105 seconds.
  path: Assets/bitnaughts.components/Prefabs/Explosion.prefab
  artifactKey: Guid(c7e233ac81bff134fb46f505fa5858df) Importer(815301076,1909f56bfc062723c751e8b465ee728b)
Start importing Assets/bitnaughts.components/Prefabs/Explosion.prefab using Guid(c7e233ac81bff134fb46f505fa5858df) Importer(815301076,1909f56bfc062723c751e8b465ee728b)  -> (artifact id: 'b8fd30bbbf5c4f4cce28d81b038c0360') in 0.004414 seconds 
========================================================================
Received Import Request.
  Time since last request: 5.872803 seconds.
  path: Assets/bitnaughts.components/Prefabs/Explosion.prefab
  artifactKey: Guid(c7e233ac81bff134fb46f505fa5858df) Importer(815301076,1909f56bfc062723c751e8b465ee728b)
Start importing Assets/bitnaughts.components/Prefabs/Explosion.prefab using Guid(c7e233ac81bff134fb46f505fa5858df) Importer(815301076,1909f56bfc062723c751e8b465ee728b)  -> (artifact id: '16bcdf7b96ef6fb2ed934a5c42b83114') in 0.008318 seconds 
========================================================================
Received Import Request.
  Time since last request: 7.833288 seconds.
  path: Assets/bitnaughts.components/Prefabs/Explosion.prefab
  artifactKey: Guid(c7e233ac81bff134fb46f505fa5858df) Importer(815301076,1909f56bfc062723c751e8b465ee728b)
Start importing Assets/bitnaughts.components/Prefabs/Explosion.prefab using Guid(c7e233ac81bff134fb46f505fa5858df) Importer(815301076,1909f56bfc062723c751e8b465ee728b)  -> (artifact id: '5df210e46a8e0ddfecb46b3ffd75da5a') in 0.007338 seconds 
========================================================================
Received Import Request.
  Time since last request: 6.550232 seconds.
  path: Assets/bitnaughts.components/Prefabs/Explosion.prefab
  artifactKey: Guid(c7e233ac81bff134fb46f505fa5858df) Importer(815301076,1909f56bfc062723c751e8b465ee728b)
Start importing Assets/bitnaughts.components/Prefabs/Explosion.prefab using Guid(c7e233ac81bff134fb46f505fa5858df) Importer(815301076,1909f56bfc062723c751e8b465ee728b)  -> (artifact id: '1f193b541ca739df0637fc55bf025938') in 0.007573 seconds 
========================================================================
Received Import Request.
  Time since last request: 5.869231 seconds.
  path: Assets/bitnaughts.components/Prefabs/Explosion.prefab
  artifactKey: Guid(c7e233ac81bff134fb46f505fa5858df) Importer(815301076,1909f56bfc062723c751e8b465ee728b)
Start importing Assets/bitnaughts.components/Prefabs/Explosion.prefab using Guid(c7e233ac81bff134fb46f505fa5858df) Importer(815301076,1909f56bfc062723c751e8b465ee728b)  -> (artifact id: 'bad40e173370a8ecf261f3d96fbbd2d1') in 0.008029 seconds 
========================================================================
Received Import Request.
  Time since last request: 5.062950 seconds.
  path: Assets/bitnaughts.components/Prefabs/Explosion.prefab
  artifactKey: Guid(c7e233ac81bff134fb46f505fa5858df) Importer(815301076,1909f56bfc062723c751e8b465ee728b)
Start importing Assets/bitnaughts.components/Prefabs/Explosion.prefab using Guid(c7e233ac81bff134fb46f505fa5858df) Importer(815301076,1909f56bfc062723c751e8b465ee728b)  -> (artifact id: '1dbe396cf8d02c7ad7f0f2d8aaf1f0ae') in 0.008478 seconds 
========================================================================
Received Import Request.
  Time since last request: 5.121011 seconds.
  path: Assets/bitnaughts.assets/Sounds/Final/sm_change_weap.wav
  artifactKey: Guid(e2236a2e983066141aff2690cd8827f3) Importer(815301076,1909f56bfc062723c751e8b465ee728b)
Start importing Assets/bitnaughts.assets/Sounds/Final/sm_change_weap.wav using Guid(e2236a2e983066141aff2690cd8827f3) Importer(815301076,1909f56bfc062723c751e8b465ee728b)  -> (artifact id: '2570cd0da5211e470f2372f09181994b') in 0.031966 seconds 
========================================================================
Received Import Request.
  Time since last request: 0.000112 seconds.
  path: Assets/bitnaughts.assets/Sounds/Final/SoundDetontation.wav
  artifactKey: Guid(ee7e4d1ca3f70e74d8b920f349e1d54a) Importer(815301076,1909f56bfc062723c751e8b465ee728b)
Start importing Assets/bitnaughts.assets/Sounds/Final/SoundDetontation.wav using Guid(ee7e4d1ca3f70e74d8b920f349e1d54a) Importer(815301076,1909f56bfc062723c751e8b465ee728b)  -> (artifact id: '408673151b4d60dc4df66a4e6e1dea1a') in 0.013891 seconds 
========================================================================
Received Import Request.
  Time since last request: 0.000132 seconds.
  path: Assets/bitnaughts.assets/Sounds/Final/SoundCannon2.wav
  artifactKey: Guid(7f4d4ab765d3aa745bcdd06c24f67775) Importer(815301076,1909f56bfc062723c751e8b465ee728b)
Start importing Assets/bitnaughts.assets/Sounds/Final/SoundCannon2.wav using Guid(7f4d4ab765d3aa745bcdd06c24f67775) Importer(815301076,1909f56bfc062723c751e8b465ee728b)  -> (artifact id: '805fd8437c4874a4afaef18d87b5d0cf') in 0.009616 seconds 
========================================================================
Received Import Request.
  Time since last request: 0.000118 seconds.
  path: Assets/bitnaughts.assets/Sounds/Final/SoundCannon3.wav
  artifactKey: Guid(8776a58132a4c9e4e8828c26b882dbe2) Importer(815301076,1909f56bfc062723c751e8b465ee728b)
Start importing Assets/bitnaughts.assets/Sounds/Final/SoundCannon3.wav using Guid(8776a58132a4c9e4e8828c26b882dbe2) Importer(815301076,1909f56bfc062723c751e8b465ee728b)  -> (artifact id: '82cf66dfff1b8e8e558d830f98d70192') in 0.009868 seconds 
========================================================================
Received Import Request.
  Time since last request: 0.000136 seconds.
  path: Assets/bitnaughts.assets/Sounds/Final/SoundProcessor.WAV
  artifactKey: Guid(f4b98a8717cf64342b26b5de9090c74e) Importer(815301076,1909f56bfc062723c751e8b465ee728b)
Start importing Assets/bitnaughts.assets/Sounds/Final/SoundProcessor.WAV using Guid(f4b98a8717cf64342b26b5de9090c74e) Importer(815301076,1909f56bfc062723c751e8b465ee728b)  -> (artifact id: '4ac1a1711fd137951c8f46a736f7cb1a') in 0.011228 seconds 
========================================================================
Received Import Request.
  Time since last request: 0.000141 seconds.
  path: Assets/bitnaughts.assets/Sounds/Final/SoundCannon1.wav
  artifactKey: Guid(810421dd685cdc349bef39df04d02fbc) Importer(815301076,1909f56bfc062723c751e8b465ee728b)
Start importing Assets/bitnaughts.assets/Sounds/Final/SoundCannon1.wav using Guid(810421dd685cdc349bef39df04d02fbc) Importer(815301076,1909f56bfc062723c751e8b465ee728b)  -> (artifact id: 'a826d834cef95b696dcf1e548607bd8f') in 0.009393 seconds 
========================================================================
Received Import Request.
  Time since last request: 0.664710 seconds.
  path: Assets/bitnaughts.assets/Sounds/Final/SoundRadar1.wav
  artifactKey: Guid(e99d95f508a5fb749be57ea58f0d8af8) Importer(815301076,1909f56bfc062723c751e8b465ee728b)
Start importing Assets/bitnaughts.assets/Sounds/Final/SoundRadar1.wav using Guid(e99d95f508a5fb749be57ea58f0d8af8) Importer(815301076,1909f56bfc062723c751e8b465ee728b)  -> (artifact id: '0858ab6859e258f8aea11248d4fd805b') in 0.011769 seconds 
========================================================================
Received Import Request.
  Time since last request: 0.000184 seconds.
  path: Assets/bitnaughts.assets/Sounds/Final/SoundWarning.mp3
  artifactKey: Guid(ae4a3533b097dfc4dae1a127d3145e50) Importer(815301076,1909f56bfc062723c751e8b465ee728b)
Start importing Assets/bitnaughts.assets/Sounds/Final/SoundWarning.mp3 using Guid(ae4a3533b097dfc4dae1a127d3145e50) Importer(815301076,1909f56bfc062723c751e8b465ee728b)  -> (artifact id: '9554a407c68d2b0d9bca6a87595ecf5d') in 0.013353 seconds 
========================================================================
Received Import Request.
  Time since last request: 0.000138 seconds.
  path: Assets/bitnaughts.assets/Sounds/Final/SoundRadar2.wav
  artifactKey: Guid(7d286ade1170a1c4d8b968dda16be759) Importer(815301076,1909f56bfc062723c751e8b465ee728b)
Start importing Assets/bitnaughts.assets/Sounds/Final/SoundRadar2.wav using Guid(7d286ade1170a1c4d8b968dda16be759) Importer(815301076,1909f56bfc062723c751e8b465ee728b)  -> (artifact id: '817c7c517f60f4fcbdc1963184e12f77') in 0.010080 seconds 
========================================================================
Received Import Request.
  Time since last request: 0.000136 seconds.
  path: Assets/bitnaughts.assets/Sounds/Final/SoundTorpedo.wav
  artifactKey: Guid(78217dbfc13f81d4eb38476451a40b42) Importer(815301076,1909f56bfc062723c751e8b465ee728b)
Start importing Assets/bitnaughts.assets/Sounds/Final/SoundTorpedo.wav using Guid(78217dbfc13f81d4eb38476451a40b42) Importer(815301076,1909f56bfc062723c751e8b465ee728b)  -> (artifact id: '36c8edb4fd7cb19c122b00c18399033a') in 0.009983 seconds 
========================================================================
Received Import Request.
  Time since last request: 0.000118 seconds.
  path: Assets/bitnaughts.assets/Sounds/Final/SoundWarningOver.mp3
  artifactKey: Guid(55787942f94c49547875be1682278b5f) Importer(815301076,1909f56bfc062723c751e8b465ee728b)
Start importing Assets/bitnaughts.assets/Sounds/Final/SoundWarningOver.mp3 using Guid(55787942f94c49547875be1682278b5f) Importer(815301076,1909f56bfc062723c751e8b465ee728b)  -> (artifact id: '820ab3768b89b057b5936936e69bf95d') in 0.010382 seconds 
========================================================================
Received Import Request.
  Time since last request: 0.673455 seconds.
  path: Assets/bitnaughts.assets/Sounds/Final/Start.mp3
  artifactKey: Guid(896e8f7d8e5c68847aff4a7754d28385) Importer(815301076,1909f56bfc062723c751e8b465ee728b)
Start importing Assets/bitnaughts.assets/Sounds/Final/Start.mp3 using Guid(896e8f7d8e5c68847aff4a7754d28385) Importer(815301076,1909f56bfc062723c751e8b465ee728b)  -> (artifact id: '9a81bccd7006d491ee2fd5ad37c54765') in 0.009015 seconds 
========================================================================
Received Import Request.
  Time since last request: 0.832965 seconds.
  path: Assets/bitnaughts.assets/Sounds/Final/Toggle.mp3
  artifactKey: Guid(3e6d76756a10e8b4b93e9ee0e5a97263) Importer(815301076,1909f56bfc062723c751e8b465ee728b)
Start importing Assets/bitnaughts.assets/Sounds/Final/Toggle.mp3 using Guid(3e6d76756a10e8b4b93e9ee0e5a97263) Importer(815301076,1909f56bfc062723c751e8b465ee728b)  -> (artifact id: 'fa0d08055c9cfdb6ad81128bc7c8a2ca') in 0.011670 seconds 
========================================================================
Received Import Request.
  Time since last request: 11.523953 seconds.
  path: Assets/bitnaughts.components/Prefabs/Explosion.prefab
  artifactKey: Guid(c7e233ac81bff134fb46f505fa5858df) Importer(815301076,1909f56bfc062723c751e8b465ee728b)
Start importing Assets/bitnaughts.components/Prefabs/Explosion.prefab using Guid(c7e233ac81bff134fb46f505fa5858df) Importer(815301076,1909f56bfc062723c751e8b465ee728b)  -> (artifact id: '96a0541e9a40413ab215143dfb5e4a40') in 0.007943 seconds 
========================================================================
Received Prepare
Registering precompiled user dll's ...
Registered in 0.002762 seconds.
Begin MonoManager ReloadAssembly
Native extension for LinuxStandalone target not found
Native extension for WindowsStandalone target not found
Native extension for OSXStandalone target not found
Native extension for WebGL target not found
Refreshing native plugins compatible for Editor in 0.56 ms, found 2 plugins.
Preloading 0 native plugins for Editor in 0.00 ms.
Mono: successfully reloaded assembly
- Completed reload, in  0.874 seconds
Domain Reload Profiling:
	ReloadAssembly (874ms)
		BeginReloadAssembly (101ms)
			ExecutionOrderSort (0ms)
			DisableScriptedObjects (3ms)
			BackupInstance (0ms)
			ReleaseScriptingObjects (0ms)
			CreateAndSetChildDomain (30ms)
		EndReloadAssembly (723ms)
			LoadAssemblies (83ms)
			RebuildTransferFunctionScriptingTraits (0ms)
			SetupTypeCache (251ms)
			ReleaseScriptCaches (2ms)
			RebuildScriptCaches (46ms)
			SetupLoadedEditorAssemblies (263ms)
				LogAssemblyErrors (0ms)
				InitializePlatformSupportModulesInManaged (7ms)
				SetLoadedEditorAssemblies (0ms)
				RefreshPlugins (1ms)
				BeforeProcessingInitializeOnLoad (68ms)
				ProcessInitializeOnLoadAttributes (170ms)
				ProcessInitializeOnLoadMethodAttributes (11ms)
				AfterProcessingInitializeOnLoad (6ms)
				EditorAssembliesLoaded (0ms)
			ExecutionOrderSort2 (0ms)
			AwakeInstancesAfterBackupRestoration (1ms)
Platform modules already initialized, skipping
Switching build target platform(19) subTarget(0) extendedPlatform(0) -> platform(13) subTarget(537395200) extendedPlatform(0)
Refreshing native plugins compatible for Editor in 0.46 ms, found 2 plugins.
Preloading 0 native plugins for Editor in 0.00 ms.
Unloading 2867 Unused Serialized files (Serialized files now loaded: 0)
System memory in use before: 126.3 MB.
System memory in use after: 126.5 MB.

Unloading 12 unused Assets to reduce memory usage. Loaded Objects now: 3412.
Total: 2.325100 ms (FindLiveObjects: 0.228400 ms CreateObjectMapping: 0.123000 ms MarkObjects: 1.958100 ms  DeleteObjects: 0.015200 ms)

AssetImportParameters requested are different than current active one (requested -> active):
  custom:framework-win-MediaFoundation: 216162199b28c13a410421893ffa2e32 -> 
  custom:video-decoder-ogg-theora: a1e56fd34408186e4bbccfd4996cb3dc -> 
  custom:container-muxer-webm: aa71ff27fc2769a1b78a27578f13a17b -> 
  custom:container-demuxer-webm: 4f35f7cbe854078d1ac9338744f61a02 -> 
  custom:container-demuxer-ogg: 62fdf1f143b41e24485cea50d1cbac27 -> 
  custom:video-encoder-webm-vp8: eb34c28f22e8b96e1ab97ce403110664 -> 
  custom:video-decoder-webm-vp8: 9c59270c3fd7afecdb556c50c9e8de78 -> 
  custom:graphics/normal-map-encoding: 01000000000000000000000000000000 -> 02000000000000000000000000000000
  custom:audio-decoder-ogg-vorbis: bf7c407c2cedff20999df2af8eb42d56 -> 
  custom:audio-encoder-webm-vorbis: bf7c407c2cedff20999df2af8eb42d56 -> 
========================================================================
Received Prepare
Registering precompiled user dll's ...
Registered in 0.002965 seconds.
Begin MonoManager ReloadAssembly
Native extension for LinuxStandalone target not found
Native extension for WindowsStandalone target not found
Native extension for OSXStandalone target not found
Native extension for WebGL target not found
Refreshing native plugins compatible for Editor in 0.54 ms, found 2 plugins.
Preloading 0 native plugins for Editor in 0.00 ms.
Mono: successfully reloaded assembly
- Completed reload, in  0.894 seconds
Domain Reload Profiling:
	ReloadAssembly (895ms)
		BeginReloadAssembly (97ms)
			ExecutionOrderSort (0ms)
			DisableScriptedObjects (4ms)
			BackupInstance (0ms)
			ReleaseScriptingObjects (0ms)
			CreateAndSetChildDomain (28ms)
		EndReloadAssembly (747ms)
			LoadAssemblies (81ms)
			RebuildTransferFunctionScriptingTraits (0ms)
			SetupTypeCache (269ms)
			ReleaseScriptCaches (2ms)
			RebuildScriptCaches (45ms)
			SetupLoadedEditorAssemblies (267ms)
				LogAssemblyErrors (0ms)
				InitializePlatformSupportModulesInManaged (6ms)
				SetLoadedEditorAssemblies (0ms)
				RefreshPlugins (1ms)
				BeforeProcessingInitializeOnLoad (71ms)
				ProcessInitializeOnLoadAttributes (172ms)
				ProcessInitializeOnLoadMethodAttributes (11ms)
				AfterProcessingInitializeOnLoad (6ms)
				EditorAssembliesLoaded (0ms)
			ExecutionOrderSort2 (0ms)
			AwakeInstancesAfterBackupRestoration (2ms)
Platform modules already initialized, skipping
Switching build target platform(19) subTarget(0) extendedPlatform(0) -> platform(13) subTarget(537395200) extendedPlatform(0)
Refreshing native plugins compatible for Editor in 0.47 ms, found 2 plugins.
Preloading 0 native plugins for Editor in 0.00 ms.
Unloading 2867 Unused Serialized files (Serialized files now loaded: 0)
System memory in use before: 126.3 MB.
System memory in use after: 126.5 MB.

Unloading 12 unused Assets to reduce memory usage. Loaded Objects now: 3415.
Total: 2.862600 ms (FindLiveObjects: 0.204800 ms CreateObjectMapping: 0.130100 ms MarkObjects: 2.503400 ms  DeleteObjects: 0.023300 ms)

AssetImportParameters requested are different than current active one (requested -> active):
  custom:framework-win-MediaFoundation: 216162199b28c13a410421893ffa2e32 -> 
  custom:video-decoder-ogg-theora: a1e56fd34408186e4bbccfd4996cb3dc -> 
  custom:container-muxer-webm: aa71ff27fc2769a1b78a27578f13a17b -> 
  custom:container-demuxer-webm: 4f35f7cbe854078d1ac9338744f61a02 -> 
  custom:container-demuxer-ogg: 62fdf1f143b41e24485cea50d1cbac27 -> 
  custom:video-encoder-webm-vp8: eb34c28f22e8b96e1ab97ce403110664 -> 
  custom:video-decoder-webm-vp8: 9c59270c3fd7afecdb556c50c9e8de78 -> 
  custom:graphics/normal-map-encoding: 01000000000000000000000000000000 -> 02000000000000000000000000000000
  custom:audio-decoder-ogg-vorbis: bf7c407c2cedff20999df2af8eb42d56 -> 
  custom:audio-encoder-webm-vorbis: bf7c407c2cedff20999df2af8eb42d56 -> 
========================================================================
Received Prepare
Registering precompiled user dll's ...
Registered in 0.002644 seconds.
Begin MonoManager ReloadAssembly
Native extension for LinuxStandalone target not found
Native extension for WindowsStandalone target not found
Native extension for OSXStandalone target not found
Native extension for WebGL target not found
Refreshing native plugins compatible for Editor in 0.61 ms, found 2 plugins.
Preloading 0 native plugins for Editor in 0.00 ms.
Mono: successfully reloaded assembly
- Completed reload, in  0.889 seconds
Domain Reload Profiling:
	ReloadAssembly (889ms)
		BeginReloadAssembly (97ms)
			ExecutionOrderSort (0ms)
			DisableScriptedObjects (4ms)
			BackupInstance (0ms)
			ReleaseScriptingObjects (0ms)
			CreateAndSetChildDomain (29ms)
		EndReloadAssembly (739ms)
			LoadAssemblies (81ms)
			RebuildTransferFunctionScriptingTraits (0ms)
			SetupTypeCache (257ms)
			ReleaseScriptCaches (2ms)
			RebuildScriptCaches (48ms)
			SetupLoadedEditorAssemblies (262ms)
				LogAssemblyErrors (0ms)
				InitializePlatformSupportModulesInManaged (6ms)
				SetLoadedEditorAssemblies (0ms)
				RefreshPlugins (1ms)
				BeforeProcessingInitializeOnLoad (71ms)
				ProcessInitializeOnLoadAttributes (167ms)
				ProcessInitializeOnLoadMethodAttributes (10ms)
				AfterProcessingInitializeOnLoad (5ms)
				EditorAssembliesLoaded (0ms)
			ExecutionOrderSort2 (0ms)
			AwakeInstancesAfterBackupRestoration (2ms)
Platform modules already initialized, skipping
Switching build target platform(19) subTarget(0) extendedPlatform(0) -> platform(13) subTarget(537395200) extendedPlatform(0)
Refreshing native plugins compatible for Editor in 0.46 ms, found 2 plugins.
Preloading 0 native plugins for Editor in 0.00 ms.
Unloading 2867 Unused Serialized files (Serialized files now loaded: 0)
System memory in use before: 126.3 MB.
System memory in use after: 126.6 MB.

Unloading 12 unused Assets to reduce memory usage. Loaded Objects now: 3418.
Total: 2.520000 ms (FindLiveObjects: 0.229900 ms CreateObjectMapping: 0.127100 ms MarkObjects: 2.139300 ms  DeleteObjects: 0.023200 ms)

AssetImportParameters requested are different than current active one (requested -> active):
  custom:framework-win-MediaFoundation: 216162199b28c13a410421893ffa2e32 -> 
  custom:video-decoder-ogg-theora: a1e56fd34408186e4bbccfd4996cb3dc -> 
  custom:container-muxer-webm: aa71ff27fc2769a1b78a27578f13a17b -> 
  custom:container-demuxer-webm: 4f35f7cbe854078d1ac9338744f61a02 -> 
  custom:container-demuxer-ogg: 62fdf1f143b41e24485cea50d1cbac27 -> 
  custom:video-encoder-webm-vp8: eb34c28f22e8b96e1ab97ce403110664 -> 
  custom:video-decoder-webm-vp8: 9c59270c3fd7afecdb556c50c9e8de78 -> 
  custom:graphics/normal-map-encoding: 01000000000000000000000000000000 -> 02000000000000000000000000000000
  custom:audio-decoder-ogg-vorbis: bf7c407c2cedff20999df2af8eb42d56 -> 
  custom:audio-encoder-webm-vorbis: bf7c407c2cedff20999df2af8eb42d56 -> 
========================================================================
Received Prepare
Registering precompiled user dll's ...
Registered in 0.002657 seconds.
Begin MonoManager ReloadAssembly
Native extension for LinuxStandalone target not found
Native extension for WindowsStandalone target not found
Native extension for OSXStandalone target not found
Native extension for WebGL target not found
Refreshing native plugins compatible for Editor in 0.80 ms, found 2 plugins.
Preloading 0 native plugins for Editor in 0.00 ms.
Mono: successfully reloaded assembly
- Completed reload, in  0.800 seconds
Domain Reload Profiling:
	ReloadAssembly (801ms)
		BeginReloadAssembly (87ms)
			ExecutionOrderSort (0ms)
			DisableScriptedObjects (3ms)
			BackupInstance (0ms)
			ReleaseScriptingObjects (0ms)
			CreateAndSetChildDomain (24ms)
		EndReloadAssembly (668ms)
			LoadAssemblies (75ms)
			RebuildTransferFunctionScriptingTraits (0ms)
			SetupTypeCache (227ms)
			ReleaseScriptCaches (1ms)
			RebuildScriptCaches (39ms)
			SetupLoadedEditorAssemblies (234ms)
				LogAssemblyErrors (0ms)
				InitializePlatformSupportModulesInManaged (6ms)
				SetLoadedEditorAssemblies (1ms)
				RefreshPlugins (1ms)
				BeforeProcessingInitializeOnLoad (64ms)
				ProcessInitializeOnLoadAttributes (149ms)
				ProcessInitializeOnLoadMethodAttributes (9ms)
				AfterProcessingInitializeOnLoad (5ms)
				EditorAssembliesLoaded (0ms)
			ExecutionOrderSort2 (0ms)
			AwakeInstancesAfterBackupRestoration (1ms)
Platform modules already initialized, skipping
Switching build target platform(19) subTarget(0) extendedPlatform(0) -> platform(13) subTarget(537395200) extendedPlatform(0)
Refreshing native plugins compatible for Editor in 0.43 ms, found 2 plugins.
Preloading 0 native plugins for Editor in 0.00 ms.
Unloading 2867 Unused Serialized files (Serialized files now loaded: 0)
System memory in use before: 126.4 MB.
System memory in use after: 126.6 MB.

Unloading 12 unused Assets to reduce memory usage. Loaded Objects now: 3421.
Total: 2.438400 ms (FindLiveObjects: 0.188600 ms CreateObjectMapping: 0.104100 ms MarkObjects: 2.129600 ms  DeleteObjects: 0.015700 ms)

AssetImportParameters requested are different than current active one (requested -> active):
  custom:framework-win-MediaFoundation: 216162199b28c13a410421893ffa2e32 -> 
  custom:video-decoder-ogg-theora: a1e56fd34408186e4bbccfd4996cb3dc -> 
  custom:container-muxer-webm: aa71ff27fc2769a1b78a27578f13a17b -> 
  custom:container-demuxer-webm: 4f35f7cbe854078d1ac9338744f61a02 -> 
  custom:container-demuxer-ogg: 62fdf1f143b41e24485cea50d1cbac27 -> 
  custom:video-encoder-webm-vp8: eb34c28f22e8b96e1ab97ce403110664 -> 
  custom:video-decoder-webm-vp8: 9c59270c3fd7afecdb556c50c9e8de78 -> 
  custom:graphics/normal-map-encoding: 01000000000000000000000000000000 -> 02000000000000000000000000000000
  custom:audio-decoder-ogg-vorbis: bf7c407c2cedff20999df2af8eb42d56 -> 
  custom:audio-encoder-webm-vorbis: bf7c407c2cedff20999df2af8eb42d56 -> 
========================================================================
Received Prepare
Registering precompiled user dll's ...
Registered in 0.002658 seconds.
Begin MonoManager ReloadAssembly
Native extension for LinuxStandalone target not found
Native extension for WindowsStandalone target not found
Native extension for OSXStandalone target not found
Native extension for WebGL target not found
Refreshing native plugins compatible for Editor in 0.45 ms, found 2 plugins.
Preloading 0 native plugins for Editor in 0.00 ms.
Mono: successfully reloaded assembly
- Completed reload, in  0.819 seconds
Domain Reload Profiling:
	ReloadAssembly (820ms)
		BeginReloadAssembly (93ms)
			ExecutionOrderSort (0ms)
			DisableScriptedObjects (3ms)
			BackupInstance (0ms)
			ReleaseScriptingObjects (0ms)
			CreateAndSetChildDomain (28ms)
		EndReloadAssembly (679ms)
			LoadAssemblies (78ms)
			RebuildTransferFunctionScriptingTraits (0ms)
			SetupTypeCache (232ms)
			ReleaseScriptCaches (1ms)
			RebuildScriptCaches (40ms)
			SetupLoadedEditorAssemblies (237ms)
				LogAssemblyErrors (0ms)
				InitializePlatformSupportModulesInManaged (5ms)
				SetLoadedEditorAssemblies (0ms)
				RefreshPlugins (0ms)
				BeforeProcessingInitializeOnLoad (64ms)
				ProcessInitializeOnLoadAttributes (151ms)
				ProcessInitializeOnLoadMethodAttributes (10ms)
				AfterProcessingInitializeOnLoad (6ms)
				EditorAssembliesLoaded (0ms)
			ExecutionOrderSort2 (0ms)
			AwakeInstancesAfterBackupRestoration (2ms)
Platform modules already initialized, skipping
Switching build target platform(19) subTarget(0) extendedPlatform(0) -> platform(13) subTarget(537395200) extendedPlatform(0)
Refreshing native plugins compatible for Editor in 0.43 ms, found 2 plugins.
Preloading 0 native plugins for Editor in 0.00 ms.
Unloading 2867 Unused Serialized files (Serialized files now loaded: 0)
System memory in use before: 126.4 MB.
System memory in use after: 126.6 MB.

Unloading 12 unused Assets to reduce memory usage. Loaded Objects now: 3424.
Total: 2.343400 ms (FindLiveObjects: 0.198300 ms CreateObjectMapping: 0.129900 ms MarkObjects: 1.997000 ms  DeleteObjects: 0.017500 ms)

AssetImportParameters requested are different than current active one (requested -> active):
  custom:framework-win-MediaFoundation: 216162199b28c13a410421893ffa2e32 -> 
  custom:video-decoder-ogg-theora: a1e56fd34408186e4bbccfd4996cb3dc -> 
  custom:container-muxer-webm: aa71ff27fc2769a1b78a27578f13a17b -> 
  custom:container-demuxer-webm: 4f35f7cbe854078d1ac9338744f61a02 -> 
  custom:container-demuxer-ogg: 62fdf1f143b41e24485cea50d1cbac27 -> 
  custom:video-encoder-webm-vp8: eb34c28f22e8b96e1ab97ce403110664 -> 
  custom:video-decoder-webm-vp8: 9c59270c3fd7afecdb556c50c9e8de78 -> 
  custom:graphics/normal-map-encoding: 01000000000000000000000000000000 -> 02000000000000000000000000000000
  custom:audio-decoder-ogg-vorbis: bf7c407c2cedff20999df2af8eb42d56 -> 
  custom:audio-encoder-webm-vorbis: bf7c407c2cedff20999df2af8eb42d56 -> 
========================================================================
Received Prepare
Registering precompiled user dll's ...
Registered in 0.002660 seconds.
Begin MonoManager ReloadAssembly
Native extension for LinuxStandalone target not found
Native extension for WindowsStandalone target not found
Native extension for OSXStandalone target not found
Native extension for WebGL target not found
Refreshing native plugins compatible for Editor in 0.44 ms, found 2 plugins.
Preloading 0 native plugins for Editor in 0.00 ms.
Mono: successfully reloaded assembly
- Completed reload, in  0.801 seconds
Domain Reload Profiling:
	ReloadAssembly (801ms)
		BeginReloadAssembly (88ms)
			ExecutionOrderSort (0ms)
			DisableScriptedObjects (3ms)
			BackupInstance (0ms)
			ReleaseScriptingObjects (0ms)
			CreateAndSetChildDomain (24ms)
		EndReloadAssembly (666ms)
			LoadAssemblies (74ms)
			RebuildTransferFunctionScriptingTraits (0ms)
			SetupTypeCache (223ms)
			ReleaseScriptCaches (1ms)
			RebuildScriptCaches (39ms)
			SetupLoadedEditorAssemblies (232ms)
				LogAssemblyErrors (0ms)
				InitializePlatformSupportModulesInManaged (5ms)
				SetLoadedEditorAssemblies (0ms)
				RefreshPlugins (0ms)
				BeforeProcessingInitializeOnLoad (63ms)
				ProcessInitializeOnLoadAttributes (148ms)
				ProcessInitializeOnLoadMethodAttributes (9ms)
				AfterProcessingInitializeOnLoad (5ms)
				EditorAssembliesLoaded (0ms)
			ExecutionOrderSort2 (0ms)
			AwakeInstancesAfterBackupRestoration (1ms)
Platform modules already initialized, skipping
Switching build target platform(19) subTarget(0) extendedPlatform(0) -> platform(13) subTarget(537395200) extendedPlatform(0)
Refreshing native plugins compatible for Editor in 0.48 ms, found 2 plugins.
Preloading 0 native plugins for Editor in 0.00 ms.
Unloading 2867 Unused Serialized files (Serialized files now loaded: 0)
System memory in use before: 126.4 MB.
System memory in use after: 126.6 MB.

Unloading 12 unused Assets to reduce memory usage. Loaded Objects now: 3427.
Total: 2.418100 ms (FindLiveObjects: 0.200800 ms CreateObjectMapping: 0.130600 ms MarkObjects: 2.068600 ms  DeleteObjects: 0.017400 ms)

AssetImportParameters requested are different than current active one (requested -> active):
  custom:framework-win-MediaFoundation: 216162199b28c13a410421893ffa2e32 -> 
  custom:video-decoder-ogg-theora: a1e56fd34408186e4bbccfd4996cb3dc -> 
  custom:container-muxer-webm: aa71ff27fc2769a1b78a27578f13a17b -> 
  custom:container-demuxer-webm: 4f35f7cbe854078d1ac9338744f61a02 -> 
  custom:container-demuxer-ogg: 62fdf1f143b41e24485cea50d1cbac27 -> 
  custom:video-encoder-webm-vp8: eb34c28f22e8b96e1ab97ce403110664 -> 
  custom:video-decoder-webm-vp8: 9c59270c3fd7afecdb556c50c9e8de78 -> 
  custom:graphics/normal-map-encoding: 01000000000000000000000000000000 -> 02000000000000000000000000000000
  custom:audio-decoder-ogg-vorbis: bf7c407c2cedff20999df2af8eb42d56 -> 
  custom:audio-encoder-webm-vorbis: bf7c407c2cedff20999df2af8eb42d56 -> 
========================================================================
Received Import Request.
  Time since last request: 413.295102 seconds.
  path: Assets/bitnaughts.assets/Sprites/BannerQR.png
  artifactKey: Guid(fb0f9142b31aa64499dff1306f704de3) Importer(815301076,1909f56bfc062723c751e8b465ee728b)
Start importing Assets/bitnaughts.assets/Sprites/BannerQR.png using Guid(fb0f9142b31aa64499dff1306f704de3) Importer(815301076,1909f56bfc062723c751e8b465ee728b)  -> (artifact id: '11a467d2b543a28ff463ba7d2e72f952') in 0.043598 seconds 
========================================================================
Received Import Request.
  Time since last request: 0.000111 seconds.
  path: Assets/bitnaughts.assets/Sprites/BitNaughtsCodeGamified.png
  artifactKey: Guid(ac3ace787ed8c9642ae787d535952b82) Importer(815301076,1909f56bfc062723c751e8b465ee728b)
Start importing Assets/bitnaughts.assets/Sprites/BitNaughtsCodeGamified.png using Guid(ac3ace787ed8c9642ae787d535952b82) Importer(815301076,1909f56bfc062723c751e8b465ee728b)  -> (artifact id: '9838981896be00389512de296e842cc8') in 0.041283 seconds 
========================================================================
Received Import Request.
  Time since last request: 0.000140 seconds.
  path: Assets/bitnaughts.assets/Sprites/BUSINESS-FRONT.png
  artifactKey: Guid(eee451abb6f4c2147a04f9a04adaddad) Importer(815301076,1909f56bfc062723c751e8b465ee728b)
Start importing Assets/bitnaughts.assets/Sprites/BUSINESS-FRONT.png using Guid(eee451abb6f4c2147a04f9a04adaddad) Importer(815301076,1909f56bfc062723c751e8b465ee728b)  -> (artifact id: '94dd6652f16bfd4d9f8ad0dcd6e87129') in 0.057185 seconds 
========================================================================
Received Import Request.
  Time since last request: 0.000119 seconds.
  path: Assets/bitnaughts.assets/Sprites/BUSINESS-BACK.png
  artifactKey: Guid(bc270f9aa879f0544822f698c422f3e9) Importer(815301076,1909f56bfc062723c751e8b465ee728b)
Start importing Assets/bitnaughts.assets/Sprites/BUSINESS-BACK.png using Guid(bc270f9aa879f0544822f698c422f3e9) Importer(815301076,1909f56bfc062723c751e8b465ee728b)  -> (artifact id: '3289f9e6ce98cb5ea2c353bef528b4bf') in 0.042831 seconds 
========================================================================
Received Import Request.
  Time since last request: 0.000136 seconds.
  path: Assets/bitnaughts.assets/Sprites/BN-FULL.png
  artifactKey: Guid(fb227cb92bc815342bb3b8e6bc020533) Importer(815301076,1909f56bfc062723c751e8b465ee728b)
Start importing Assets/bitnaughts.assets/Sprites/BN-FULL.png using Guid(fb227cb92bc815342bb3b8e6bc020533) Importer(815301076,1909f56bfc062723c751e8b465ee728b)  -> (artifact id: 'e5e1721573a94b0338f9c8954c84feed') in 0.010006 seconds 
========================================================================
Received Import Request.
  Time since last request: 0.000135 seconds.
  path: Assets/bitnaughts.assets/Sprites/color.png
  artifactKey: Guid(fd6e592caa519454986ed4d57dfa6f3b) Importer(815301076,1909f56bfc062723c751e8b465ee728b)
Start importing Assets/bitnaughts.assets/Sprites/color.png using Guid(fd6e592caa519454986ed4d57dfa6f3b) Importer(815301076,1909f56bfc062723c751e8b465ee728b)  -> (artifact id: '460ecec51674f52f6ae6034b7b400723') in 0.033069 seconds 
========================================================================
Received Import Request.
  Time since last request: 85.416123 seconds.
  path: Assets/bitnaughts.components/Prefabs/Explosion.prefab
  artifactKey: Guid(c7e233ac81bff134fb46f505fa5858df) Importer(815301076,1909f56bfc062723c751e8b465ee728b)
Start importing Assets/bitnaughts.components/Prefabs/Explosion.prefab using Guid(c7e233ac81bff134fb46f505fa5858df) Importer(815301076,1909f56bfc062723c751e8b465ee728b)  -> (artifact id: 'f68009ccc43daab2fc1c778e5cec6f57') in 0.025668 seconds 
========================================================================
Received Prepare
Registering precompiled user dll's ...
Registered in 0.002733 seconds.
Begin MonoManager ReloadAssembly
Native extension for LinuxStandalone target not found
Native extension for WindowsStandalone target not found
Native extension for OSXStandalone target not found
Native extension for WebGL target not found
Refreshing native plugins compatible for Editor in 0.59 ms, found 2 plugins.
Preloading 0 native plugins for Editor in 0.00 ms.
Mono: successfully reloaded assembly
- Completed reload, in  0.930 seconds
Domain Reload Profiling:
	ReloadAssembly (931ms)
		BeginReloadAssembly (100ms)
			ExecutionOrderSort (0ms)
			DisableScriptedObjects (3ms)
			BackupInstance (0ms)
			ReleaseScriptingObjects (0ms)
			CreateAndSetChildDomain (29ms)
		EndReloadAssembly (779ms)
			LoadAssemblies (85ms)
			RebuildTransferFunctionScriptingTraits (0ms)
			SetupTypeCache (260ms)
			ReleaseScriptCaches (2ms)
			RebuildScriptCaches (48ms)
			SetupLoadedEditorAssemblies (267ms)
				LogAssemblyErrors (0ms)
				InitializePlatformSupportModulesInManaged (7ms)
				SetLoadedEditorAssemblies (0ms)
				RefreshPlugins (1ms)
				BeforeProcessingInitializeOnLoad (72ms)
				ProcessInitializeOnLoadAttributes (170ms)
				ProcessInitializeOnLoadMethodAttributes (11ms)
				AfterProcessingInitializeOnLoad (6ms)
				EditorAssembliesLoaded (0ms)
			ExecutionOrderSort2 (0ms)
			AwakeInstancesAfterBackupRestoration (2ms)
Platform modules already initialized, skipping
Switching build target platform(19) subTarget(0) extendedPlatform(0) -> platform(13) subTarget(537395200) extendedPlatform(0)
Refreshing native plugins compatible for Editor in 0.48 ms, found 2 plugins.
Preloading 0 native plugins for Editor in 0.00 ms.
Unloading 2867 Unused Serialized files (Serialized files now loaded: 0)
System memory in use before: 126.4 MB.
System memory in use after: 126.6 MB.

Unloading 12 unused Assets to reduce memory usage. Loaded Objects now: 3434.
Total: 2.589300 ms (FindLiveObjects: 0.207900 ms CreateObjectMapping: 0.146600 ms MarkObjects: 2.216800 ms  DeleteObjects: 0.017400 ms)

AssetImportParameters requested are different than current active one (requested -> active):
  custom:framework-win-MediaFoundation: 216162199b28c13a410421893ffa2e32 -> 
  custom:video-decoder-ogg-theora: a1e56fd34408186e4bbccfd4996cb3dc -> 
  custom:container-muxer-webm: aa71ff27fc2769a1b78a27578f13a17b -> 
  custom:container-demuxer-webm: 4f35f7cbe854078d1ac9338744f61a02 -> 
  custom:container-demuxer-ogg: 62fdf1f143b41e24485cea50d1cbac27 -> 
  custom:video-encoder-webm-vp8: eb34c28f22e8b96e1ab97ce403110664 -> 
  custom:video-decoder-webm-vp8: 9c59270c3fd7afecdb556c50c9e8de78 -> 
  custom:graphics/normal-map-encoding: 01000000000000000000000000000000 -> 02000000000000000000000000000000
  custom:audio-decoder-ogg-vorbis: bf7c407c2cedff20999df2af8eb42d56 -> 
  custom:audio-encoder-webm-vorbis: bf7c407c2cedff20999df2af8eb42d56 -> 
========================================================================
Received Import Request.
  Time since last request: 72.771088 seconds.
  path: Assets/bitnaughts.components/Prefabs/Explosion.prefab
  artifactKey: Guid(c7e233ac81bff134fb46f505fa5858df) Importer(815301076,1909f56bfc062723c751e8b465ee728b)
Start importing Assets/bitnaughts.components/Prefabs/Explosion.prefab using Guid(c7e233ac81bff134fb46f505fa5858df) Importer(815301076,1909f56bfc062723c751e8b465ee728b)  -> (artifact id: 'f6ca16ba2e1778f9e5d1a52ca9dfca20') in 0.042999 seconds 
========================================================================
Received Import Request.
  Time since last request: 2.768220 seconds.
  path: Assets/bitnaughts.components/Prefabs/Explosion.prefab
  artifactKey: Guid(c7e233ac81bff134fb46f505fa5858df) Importer(815301076,1909f56bfc062723c751e8b465ee728b)
Start importing Assets/bitnaughts.components/Prefabs/Explosion.prefab using Guid(c7e233ac81bff134fb46f505fa5858df) Importer(815301076,1909f56bfc062723c751e8b465ee728b)  -> (artifact id: '345292c26390c8ecb10027bc9d07bbdc') in 0.009227 seconds 
========================================================================
Received Import Request.
  Time since last request: 6.607862 seconds.
  path: Assets/bitnaughts.components/Prefabs/Explosion.prefab
  artifactKey: Guid(c7e233ac81bff134fb46f505fa5858df) Importer(815301076,1909f56bfc062723c751e8b465ee728b)
Start importing Assets/bitnaughts.components/Prefabs/Explosion.prefab using Guid(c7e233ac81bff134fb46f505fa5858df) Importer(815301076,1909f56bfc062723c751e8b465ee728b)  -> (artifact id: 'a22bd112b905afc0b0b39d69f503f7cc') in 0.012240 seconds 
========================================================================
Received Prepare
Registering precompiled user dll's ...
Registered in 0.002658 seconds.
Begin MonoManager ReloadAssembly
Native extension for LinuxStandalone target not found
Native extension for WindowsStandalone target not found
Native extension for OSXStandalone target not found
Native extension for WebGL target not found
Refreshing native plugins compatible for Editor in 0.49 ms, found 2 plugins.
Preloading 0 native plugins for Editor in 0.00 ms.
Mono: successfully reloaded assembly
- Completed reload, in  0.832 seconds
Domain Reload Profiling:
	ReloadAssembly (833ms)
		BeginReloadAssembly (90ms)
			ExecutionOrderSort (0ms)
			DisableScriptedObjects (3ms)
			BackupInstance (0ms)
			ReleaseScriptingObjects (0ms)
			CreateAndSetChildDomain (24ms)
		EndReloadAssembly (696ms)
			LoadAssemblies (77ms)
			RebuildTransferFunctionScriptingTraits (0ms)
			SetupTypeCache (230ms)
			ReleaseScriptCaches (1ms)
			RebuildScriptCaches (39ms)
			SetupLoadedEditorAssemblies (239ms)
				LogAssemblyErrors (0ms)
				InitializePlatformSupportModulesInManaged (6ms)
				SetLoadedEditorAssemblies (0ms)
				RefreshPlugins (1ms)
				BeforeProcessingInitializeOnLoad (64ms)
				ProcessInitializeOnLoadAttributes (153ms)
				ProcessInitializeOnLoadMethodAttributes (10ms)
				AfterProcessingInitializeOnLoad (5ms)
				EditorAssembliesLoaded (0ms)
			ExecutionOrderSort2 (0ms)
			AwakeInstancesAfterBackupRestoration (1ms)
Platform modules already initialized, skipping
Switching build target platform(19) subTarget(0) extendedPlatform(0) -> platform(13) subTarget(537395200) extendedPlatform(0)
Refreshing native plugins compatible for Editor in 0.44 ms, found 2 plugins.
Preloading 0 native plugins for Editor in 0.00 ms.
Unloading 2867 Unused Serialized files (Serialized files now loaded: 0)
System memory in use before: 126.4 MB.
System memory in use after: 126.6 MB.

Unloading 12 unused Assets to reduce memory usage. Loaded Objects now: 3438.
Total: 2.373600 ms (FindLiveObjects: 0.188100 ms CreateObjectMapping: 0.100700 ms MarkObjects: 2.066200 ms  DeleteObjects: 0.017800 ms)

AssetImportParameters requested are different than current active one (requested -> active):
  custom:framework-win-MediaFoundation: 216162199b28c13a410421893ffa2e32 -> 
  custom:video-decoder-ogg-theora: a1e56fd34408186e4bbccfd4996cb3dc -> 
  custom:container-muxer-webm: aa71ff27fc2769a1b78a27578f13a17b -> 
  custom:container-demuxer-webm: 4f35f7cbe854078d1ac9338744f61a02 -> 
  custom:container-demuxer-ogg: 62fdf1f143b41e24485cea50d1cbac27 -> 
  custom:video-encoder-webm-vp8: eb34c28f22e8b96e1ab97ce403110664 -> 
  custom:video-decoder-webm-vp8: 9c59270c3fd7afecdb556c50c9e8de78 -> 
  custom:graphics/normal-map-encoding: 01000000000000000000000000000000 -> 02000000000000000000000000000000
  custom:audio-decoder-ogg-vorbis: bf7c407c2cedff20999df2af8eb42d56 -> 
  custom:audio-encoder-webm-vorbis: bf7c407c2cedff20999df2af8eb42d56 -> 
========================================================================
Received Prepare
Registering precompiled user dll's ...
Registered in 0.002671 seconds.
Begin MonoManager ReloadAssembly
Native extension for LinuxStandalone target not found
Native extension for WindowsStandalone target not found
Native extension for OSXStandalone target not found
Native extension for WebGL target not found
Refreshing native plugins compatible for Editor in 0.49 ms, found 2 plugins.
Preloading 0 native plugins for Editor in 0.00 ms.
Mono: successfully reloaded assembly
- Completed reload, in  0.884 seconds
Domain Reload Profiling:
	ReloadAssembly (885ms)
		BeginReloadAssembly (89ms)
			ExecutionOrderSort (0ms)
			DisableScriptedObjects (3ms)
			BackupInstance (0ms)
			ReleaseScriptingObjects (0ms)
			CreateAndSetChildDomain (25ms)
		EndReloadAssembly (748ms)
			LoadAssemblies (75ms)
			RebuildTransferFunctionScriptingTraits (0ms)
			SetupTypeCache (237ms)
			ReleaseScriptCaches (2ms)
			RebuildScriptCaches (53ms)
			SetupLoadedEditorAssemblies (259ms)
				LogAssemblyErrors (0ms)
				InitializePlatformSupportModulesInManaged (6ms)
				SetLoadedEditorAssemblies (0ms)
				RefreshPlugins (1ms)
				BeforeProcessingInitializeOnLoad (82ms)
				ProcessInitializeOnLoadAttributes (156ms)
				ProcessInitializeOnLoadMethodAttributes (9ms)
				AfterProcessingInitializeOnLoad (5ms)
				EditorAssembliesLoaded (0ms)
			ExecutionOrderSort2 (0ms)
			AwakeInstancesAfterBackupRestoration (1ms)
Platform modules already initialized, skipping
Switching build target platform(19) subTarget(0) extendedPlatform(0) -> platform(13) subTarget(537395200) extendedPlatform(0)
Refreshing native plugins compatible for Editor in 0.55 ms, found 2 plugins.
Preloading 0 native plugins for Editor in 0.00 ms.
Unloading 2867 Unused Serialized files (Serialized files now loaded: 0)
System memory in use before: 126.4 MB.
System memory in use after: 126.6 MB.

Unloading 12 unused Assets to reduce memory usage. Loaded Objects now: 3441.
Total: 2.617800 ms (FindLiveObjects: 0.196600 ms CreateObjectMapping: 0.116200 ms MarkObjects: 2.280900 ms  DeleteObjects: 0.023600 ms)

AssetImportParameters requested are different than current active one (requested -> active):
  custom:framework-win-MediaFoundation: 216162199b28c13a410421893ffa2e32 -> 
  custom:video-decoder-ogg-theora: a1e56fd34408186e4bbccfd4996cb3dc -> 
  custom:container-muxer-webm: aa71ff27fc2769a1b78a27578f13a17b -> 
  custom:container-demuxer-webm: 4f35f7cbe854078d1ac9338744f61a02 -> 
  custom:container-demuxer-ogg: 62fdf1f143b41e24485cea50d1cbac27 -> 
  custom:video-encoder-webm-vp8: eb34c28f22e8b96e1ab97ce403110664 -> 
  custom:video-decoder-webm-vp8: 9c59270c3fd7afecdb556c50c9e8de78 -> 
  custom:graphics/normal-map-encoding: 01000000000000000000000000000000 -> 02000000000000000000000000000000
  custom:audio-decoder-ogg-vorbis: bf7c407c2cedff20999df2af8eb42d56 -> 
  custom:audio-encoder-webm-vorbis: bf7c407c2cedff20999df2af8eb42d56 -> 
========================================================================
Received Prepare
Registering precompiled user dll's ...
Registered in 0.002704 seconds.
Begin MonoManager ReloadAssembly
Native extension for LinuxStandalone target not found
Native extension for WindowsStandalone target not found
Native extension for OSXStandalone target not found
Native extension for WebGL target not found
Refreshing native plugins compatible for Editor in 0.74 ms, found 2 plugins.
Preloading 0 native plugins for Editor in 0.00 ms.
Mono: successfully reloaded assembly
- Completed reload, in  0.926 seconds
Domain Reload Profiling:
	ReloadAssembly (927ms)
		BeginReloadAssembly (100ms)
			ExecutionOrderSort (0ms)
			DisableScriptedObjects (4ms)
			BackupInstance (0ms)
			ReleaseScriptingObjects (0ms)
			CreateAndSetChildDomain (30ms)
		EndReloadAssembly (777ms)
			LoadAssemblies (83ms)
			RebuildTransferFunctionScriptingTraits (0ms)
			SetupTypeCache (255ms)
			ReleaseScriptCaches (1ms)
			RebuildScriptCaches (48ms)
			SetupLoadedEditorAssemblies (262ms)
				LogAssemblyErrors (0ms)
				InitializePlatformSupportModulesInManaged (6ms)
				SetLoadedEditorAssemblies (0ms)
				RefreshPlugins (1ms)
				BeforeProcessingInitializeOnLoad (74ms)
				ProcessInitializeOnLoadAttributes (164ms)
				ProcessInitializeOnLoadMethodAttributes (11ms)
				AfterProcessingInitializeOnLoad (6ms)
				EditorAssembliesLoaded (0ms)
			ExecutionOrderSort2 (0ms)
			AwakeInstancesAfterBackupRestoration (2ms)
Platform modules already initialized, skipping
Switching build target platform(19) subTarget(0) extendedPlatform(0) -> platform(13) subTarget(537395200) extendedPlatform(0)
Refreshing native plugins compatible for Editor in 0.47 ms, found 2 plugins.
Preloading 0 native plugins for Editor in 0.00 ms.
Unloading 2867 Unused Serialized files (Serialized files now loaded: 0)
System memory in use before: 126.4 MB.
System memory in use after: 126.6 MB.

Unloading 12 unused Assets to reduce memory usage. Loaded Objects now: 3444.
Total: 2.763500 ms (FindLiveObjects: 0.234300 ms CreateObjectMapping: 0.126900 ms MarkObjects: 2.380400 ms  DeleteObjects: 0.021100 ms)

AssetImportParameters requested are different than current active one (requested -> active):
  custom:framework-win-MediaFoundation: 216162199b28c13a410421893ffa2e32 -> 
  custom:video-decoder-ogg-theora: a1e56fd34408186e4bbccfd4996cb3dc -> 
  custom:container-muxer-webm: aa71ff27fc2769a1b78a27578f13a17b -> 
  custom:container-demuxer-webm: 4f35f7cbe854078d1ac9338744f61a02 -> 
  custom:container-demuxer-ogg: 62fdf1f143b41e24485cea50d1cbac27 -> 
  custom:video-encoder-webm-vp8: eb34c28f22e8b96e1ab97ce403110664 -> 
  custom:video-decoder-webm-vp8: 9c59270c3fd7afecdb556c50c9e8de78 -> 
  custom:graphics/normal-map-encoding: 01000000000000000000000000000000 -> 02000000000000000000000000000000
  custom:audio-decoder-ogg-vorbis: bf7c407c2cedff20999df2af8eb42d56 -> 
  custom:audio-encoder-webm-vorbis: bf7c407c2cedff20999df2af8eb42d56 -> 
========================================================================
Received Prepare
Registering precompiled user dll's ...
Registered in 0.002693 seconds.
Begin MonoManager ReloadAssembly
Native extension for LinuxStandalone target not found
Native extension for WindowsStandalone target not found
Native extension for OSXStandalone target not found
Native extension for WebGL target not found
Refreshing native plugins compatible for Editor in 0.44 ms, found 2 plugins.
Preloading 0 native plugins for Editor in 0.00 ms.
Mono: successfully reloaded assembly
- Completed reload, in  0.826 seconds
Domain Reload Profiling:
	ReloadAssembly (826ms)
		BeginReloadAssembly (87ms)
			ExecutionOrderSort (0ms)
			DisableScriptedObjects (3ms)
			BackupInstance (0ms)
			ReleaseScriptingObjects (0ms)
			CreateAndSetChildDomain (24ms)
		EndReloadAssembly (693ms)
			LoadAssemblies (73ms)
			RebuildTransferFunctionScriptingTraits (0ms)
			SetupTypeCache (222ms)
			ReleaseScriptCaches (1ms)
			RebuildScriptCaches (40ms)
			SetupLoadedEditorAssemblies (235ms)
				LogAssemblyErrors (0ms)
				InitializePlatformSupportModulesInManaged (5ms)
				SetLoadedEditorAssemblies (0ms)
				RefreshPlugins (0ms)
				BeforeProcessingInitializeOnLoad (65ms)
				ProcessInitializeOnLoadAttributes (149ms)
				ProcessInitializeOnLoadMethodAttributes (9ms)
				AfterProcessingInitializeOnLoad (5ms)
				EditorAssembliesLoaded (0ms)
			ExecutionOrderSort2 (0ms)
			AwakeInstancesAfterBackupRestoration (1ms)
Platform modules already initialized, skipping
Switching build target platform(19) subTarget(0) extendedPlatform(0) -> platform(13) subTarget(537395200) extendedPlatform(0)
Refreshing native plugins compatible for Editor in 0.44 ms, found 2 plugins.
Preloading 0 native plugins for Editor in 0.00 ms.
Unloading 2867 Unused Serialized files (Serialized files now loaded: 0)
System memory in use before: 126.4 MB.
System memory in use after: 126.6 MB.

Unloading 12 unused Assets to reduce memory usage. Loaded Objects now: 3447.
Total: 2.621400 ms (FindLiveObjects: 0.222500 ms CreateObjectMapping: 0.135800 ms MarkObjects: 2.243300 ms  DeleteObjects: 0.018900 ms)

AssetImportParameters requested are different than current active one (requested -> active):
  custom:framework-win-MediaFoundation: 216162199b28c13a410421893ffa2e32 -> 
  custom:video-decoder-ogg-theora: a1e56fd34408186e4bbccfd4996cb3dc -> 
  custom:container-muxer-webm: aa71ff27fc2769a1b78a27578f13a17b -> 
  custom:container-demuxer-webm: 4f35f7cbe854078d1ac9338744f61a02 -> 
  custom:container-demuxer-ogg: 62fdf1f143b41e24485cea50d1cbac27 -> 
  custom:video-encoder-webm-vp8: eb34c28f22e8b96e1ab97ce403110664 -> 
  custom:video-decoder-webm-vp8: 9c59270c3fd7afecdb556c50c9e8de78 -> 
  custom:graphics/normal-map-encoding: 01000000000000000000000000000000 -> 02000000000000000000000000000000
  custom:audio-decoder-ogg-vorbis: bf7c407c2cedff20999df2af8eb42d56 -> 
  custom:audio-encoder-webm-vorbis: bf7c407c2cedff20999df2af8eb42d56 -> 
========================================================================
Received Import Request.
  Time since last request: 132.255480 seconds.
  path: Assets/bitnaughts.components/Prefabs/Explosion.prefab
  artifactKey: Guid(c7e233ac81bff134fb46f505fa5858df) Importer(815301076,1909f56bfc062723c751e8b465ee728b)
Start importing Assets/bitnaughts.components/Prefabs/Explosion.prefab using Guid(c7e233ac81bff134fb46f505fa5858df) Importer(815301076,1909f56bfc062723c751e8b465ee728b)  -> (artifact id: 'f8867c884a2f0810792f917c9a5087b4') in 0.046387 seconds 
========================================================================
Received Import Request.
  Time since last request: 0.958038 seconds.
  path: Assets/bitnaughts.components/Prefabs/Explosion.prefab
  artifactKey: Guid(c7e233ac81bff134fb46f505fa5858df) Importer(815301076,1909f56bfc062723c751e8b465ee728b)
Start importing Assets/bitnaughts.components/Prefabs/Explosion.prefab using Guid(c7e233ac81bff134fb46f505fa5858df) Importer(815301076,1909f56bfc062723c751e8b465ee728b)  -> (artifact id: '1babc85bc7c61bd0fb4415e4b60f54a9') in 0.009124 seconds 
========================================================================
Received Import Request.
  Time since last request: 5.405765 seconds.
  path: Assets/bitnaughts.components/Prefabs/Explosion.prefab
  artifactKey: Guid(c7e233ac81bff134fb46f505fa5858df) Importer(815301076,1909f56bfc062723c751e8b465ee728b)
Start importing Assets/bitnaughts.components/Prefabs/Explosion.prefab using Guid(c7e233ac81bff134fb46f505fa5858df) Importer(815301076,1909f56bfc062723c751e8b465ee728b)  -> (artifact id: '1d56100c2984c002d4261c65d9604bdb') in 0.008226 seconds 
========================================================================
Received Prepare
Registering precompiled user dll's ...
Registered in 0.002800 seconds.
Begin MonoManager ReloadAssembly
Native extension for LinuxStandalone target not found
Native extension for WindowsStandalone target not found
Native extension for OSXStandalone target not found
Native extension for WebGL target not found
Refreshing native plugins compatible for Editor in 0.69 ms, found 2 plugins.
Preloading 0 native plugins for Editor in 0.00 ms.
Mono: successfully reloaded assembly
- Completed reload, in  0.914 seconds
Domain Reload Profiling:
	ReloadAssembly (915ms)
		BeginReloadAssembly (97ms)
			ExecutionOrderSort (0ms)
			DisableScriptedObjects (3ms)
			BackupInstance (0ms)
			ReleaseScriptingObjects (0ms)
			CreateAndSetChildDomain (30ms)
		EndReloadAssembly (767ms)
			LoadAssemblies (81ms)
			RebuildTransferFunctionScriptingTraits (0ms)
			SetupTypeCache (247ms)
			ReleaseScriptCaches (2ms)
			RebuildScriptCaches (45ms)
			SetupLoadedEditorAssemblies (259ms)
				LogAssemblyErrors (0ms)
				InitializePlatformSupportModulesInManaged (7ms)
				SetLoadedEditorAssemblies (1ms)
				RefreshPlugins (1ms)
				BeforeProcessingInitializeOnLoad (71ms)
				ProcessInitializeOnLoadAttributes (163ms)
				ProcessInitializeOnLoadMethodAttributes (10ms)
				AfterProcessingInitializeOnLoad (5ms)
				EditorAssembliesLoaded (0ms)
			ExecutionOrderSort2 (0ms)
			AwakeInstancesAfterBackupRestoration (2ms)
Platform modules already initialized, skipping
Switching build target platform(19) subTarget(0) extendedPlatform(0) -> platform(13) subTarget(537395200) extendedPlatform(0)
Refreshing native plugins compatible for Editor in 0.52 ms, found 2 plugins.
Preloading 0 native plugins for Editor in 0.00 ms.
Unloading 2867 Unused Serialized files (Serialized files now loaded: 0)
System memory in use before: 126.4 MB.
System memory in use after: 126.6 MB.

Unloading 12 unused Assets to reduce memory usage. Loaded Objects now: 3451.
Total: 2.586400 ms (FindLiveObjects: 0.225500 ms CreateObjectMapping: 0.180100 ms MarkObjects: 2.161000 ms  DeleteObjects: 0.019200 ms)

AssetImportParameters requested are different than current active one (requested -> active):
  custom:framework-win-MediaFoundation: 216162199b28c13a410421893ffa2e32 -> 
  custom:video-decoder-ogg-theora: a1e56fd34408186e4bbccfd4996cb3dc -> 
  custom:container-muxer-webm: aa71ff27fc2769a1b78a27578f13a17b -> 
  custom:container-demuxer-webm: 4f35f7cbe854078d1ac9338744f61a02 -> 
  custom:container-demuxer-ogg: 62fdf1f143b41e24485cea50d1cbac27 -> 
  custom:video-encoder-webm-vp8: eb34c28f22e8b96e1ab97ce403110664 -> 
  custom:video-decoder-webm-vp8: 9c59270c3fd7afecdb556c50c9e8de78 -> 
  custom:graphics/normal-map-encoding: 01000000000000000000000000000000 -> 02000000000000000000000000000000
  custom:audio-decoder-ogg-vorbis: bf7c407c2cedff20999df2af8eb42d56 -> 
  custom:audio-encoder-webm-vorbis: bf7c407c2cedff20999df2af8eb42d56 -> 
========================================================================
Received Prepare
Registering precompiled user dll's ...
Registered in 0.002683 seconds.
Begin MonoManager ReloadAssembly
Native extension for LinuxStandalone target not found
Native extension for WindowsStandalone target not found
Native extension for OSXStandalone target not found
Native extension for WebGL target not found
Refreshing native plugins compatible for Editor in 0.45 ms, found 2 plugins.
Preloading 0 native plugins for Editor in 0.00 ms.
Mono: successfully reloaded assembly
- Completed reload, in  0.844 seconds
Domain Reload Profiling:
	ReloadAssembly (845ms)
		BeginReloadAssembly (87ms)
			ExecutionOrderSort (0ms)
			DisableScriptedObjects (3ms)
			BackupInstance (0ms)
			ReleaseScriptingObjects (0ms)
			CreateAndSetChildDomain (24ms)
		EndReloadAssembly (713ms)
			LoadAssemblies (73ms)
			RebuildTransferFunctionScriptingTraits (0ms)
			SetupTypeCache (222ms)
			ReleaseScriptCaches (1ms)
			RebuildScriptCaches (41ms)
			SetupLoadedEditorAssemblies (242ms)
				LogAssemblyErrors (0ms)
				InitializePlatformSupportModulesInManaged (6ms)
				SetLoadedEditorAssemblies (0ms)
				RefreshPlugins (0ms)
				BeforeProcessingInitializeOnLoad (65ms)
				ProcessInitializeOnLoadAttributes (156ms)
				ProcessInitializeOnLoadMethodAttributes (9ms)
				AfterProcessingInitializeOnLoad (5ms)
				EditorAssembliesLoaded (0ms)
			ExecutionOrderSort2 (0ms)
			AwakeInstancesAfterBackupRestoration (1ms)
Platform modules already initialized, skipping
Switching build target platform(19) subTarget(0) extendedPlatform(0) -> platform(13) subTarget(537395200) extendedPlatform(0)
Refreshing native plugins compatible for Editor in 0.43 ms, found 2 plugins.
Preloading 0 native plugins for Editor in 0.00 ms.
Unloading 2867 Unused Serialized files (Serialized files now loaded: 0)
System memory in use before: 126.4 MB.
System memory in use after: 126.6 MB.

Unloading 12 unused Assets to reduce memory usage. Loaded Objects now: 3454.
Total: 2.350800 ms (FindLiveObjects: 0.180700 ms CreateObjectMapping: 0.110800 ms MarkObjects: 2.041000 ms  DeleteObjects: 0.017900 ms)

AssetImportParameters requested are different than current active one (requested -> active):
  custom:framework-win-MediaFoundation: 216162199b28c13a410421893ffa2e32 -> 
  custom:video-decoder-ogg-theora: a1e56fd34408186e4bbccfd4996cb3dc -> 
  custom:container-muxer-webm: aa71ff27fc2769a1b78a27578f13a17b -> 
  custom:container-demuxer-webm: 4f35f7cbe854078d1ac9338744f61a02 -> 
  custom:container-demuxer-ogg: 62fdf1f143b41e24485cea50d1cbac27 -> 
  custom:video-encoder-webm-vp8: eb34c28f22e8b96e1ab97ce403110664 -> 
  custom:video-decoder-webm-vp8: 9c59270c3fd7afecdb556c50c9e8de78 -> 
  custom:graphics/normal-map-encoding: 01000000000000000000000000000000 -> 02000000000000000000000000000000
  custom:audio-decoder-ogg-vorbis: bf7c407c2cedff20999df2af8eb42d56 -> 
  custom:audio-encoder-webm-vorbis: bf7c407c2cedff20999df2af8eb42d56 -> 
========================================================================
Received Prepare
Registering precompiled user dll's ...
Registered in 0.002760 seconds.
Begin MonoManager ReloadAssembly
Native extension for LinuxStandalone target not found
Native extension for WindowsStandalone target not found
Native extension for OSXStandalone target not found
Native extension for WebGL target not found
Refreshing native plugins compatible for Editor in 0.44 ms, found 2 plugins.
Preloading 0 native plugins for Editor in 0.00 ms.
Mono: successfully reloaded assembly
- Completed reload, in  0.838 seconds
Domain Reload Profiling:
	ReloadAssembly (838ms)
		BeginReloadAssembly (88ms)
			ExecutionOrderSort (0ms)
			DisableScriptedObjects (3ms)
			BackupInstance (0ms)
			ReleaseScriptingObjects (0ms)
			CreateAndSetChildDomain (23ms)
		EndReloadAssembly (704ms)
			LoadAssemblies (76ms)
			RebuildTransferFunctionScriptingTraits (0ms)
			SetupTypeCache (223ms)
			ReleaseScriptCaches (1ms)
			RebuildScriptCaches (39ms)
			SetupLoadedEditorAssemblies (231ms)
				LogAssemblyErrors (0ms)
				InitializePlatformSupportModulesInManaged (5ms)
				SetLoadedEditorAssemblies (0ms)
				RefreshPlugins (0ms)
				BeforeProcessingInitializeOnLoad (63ms)
				ProcessInitializeOnLoadAttributes (147ms)
				ProcessInitializeOnLoadMethodAttributes (9ms)
				AfterProcessingInitializeOnLoad (5ms)
				EditorAssembliesLoaded (0ms)
			ExecutionOrderSort2 (0ms)
			AwakeInstancesAfterBackupRestoration (1ms)
Platform modules already initialized, skipping
Switching build target platform(19) subTarget(0) extendedPlatform(0) -> platform(13) subTarget(537395200) extendedPlatform(0)
Refreshing native plugins compatible for Editor in 0.44 ms, found 2 plugins.
Preloading 0 native plugins for Editor in 0.00 ms.
Unloading 2867 Unused Serialized files (Serialized files now loaded: 0)
System memory in use before: 126.4 MB.
System memory in use after: 126.6 MB.

Unloading 12 unused Assets to reduce memory usage. Loaded Objects now: 3457.
Total: 2.239700 ms (FindLiveObjects: 0.181600 ms CreateObjectMapping: 0.113800 ms MarkObjects: 1.927800 ms  DeleteObjects: 0.016000 ms)

AssetImportParameters requested are different than current active one (requested -> active):
  custom:framework-win-MediaFoundation: 216162199b28c13a410421893ffa2e32 -> 
  custom:video-decoder-ogg-theora: a1e56fd34408186e4bbccfd4996cb3dc -> 
  custom:container-muxer-webm: aa71ff27fc2769a1b78a27578f13a17b -> 
  custom:container-demuxer-webm: 4f35f7cbe854078d1ac9338744f61a02 -> 
  custom:container-demuxer-ogg: 62fdf1f143b41e24485cea50d1cbac27 -> 
  custom:video-encoder-webm-vp8: eb34c28f22e8b96e1ab97ce403110664 -> 
  custom:video-decoder-webm-vp8: 9c59270c3fd7afecdb556c50c9e8de78 -> 
  custom:graphics/normal-map-encoding: 01000000000000000000000000000000 -> 02000000000000000000000000000000
  custom:audio-decoder-ogg-vorbis: bf7c407c2cedff20999df2af8eb42d56 -> 
  custom:audio-encoder-webm-vorbis: bf7c407c2cedff20999df2af8eb42d56 -> 
========================================================================
Received Import Request.
  Time since last request: 223.203274 seconds.
  path: Assets/bitnaughts.components/Prefabs/Explosion.prefab
  artifactKey: Guid(c7e233ac81bff134fb46f505fa5858df) Importer(815301076,1909f56bfc062723c751e8b465ee728b)
Start importing Assets/bitnaughts.components/Prefabs/Explosion.prefab using Guid(c7e233ac81bff134fb46f505fa5858df) Importer(815301076,1909f56bfc062723c751e8b465ee728b)  -> (artifact id: 'bb81c615bcc9c8c7ff3fb965037d56a6') in 0.040988 seconds 
========================================================================
Received Prepare
Registering precompiled user dll's ...
Registered in 0.002862 seconds.
Begin MonoManager ReloadAssembly
Native extension for LinuxStandalone target not found
Native extension for WindowsStandalone target not found
Native extension for OSXStandalone target not found
Native extension for WebGL target not found
Refreshing native plugins compatible for Editor in 0.47 ms, found 2 plugins.
Preloading 0 native plugins for Editor in 0.00 ms.
Mono: successfully reloaded assembly
- Completed reload, in  0.762 seconds
Domain Reload Profiling:
	ReloadAssembly (763ms)
		BeginReloadAssembly (88ms)
			ExecutionOrderSort (0ms)
			DisableScriptedObjects (3ms)
			BackupInstance (0ms)
			ReleaseScriptingObjects (0ms)
			CreateAndSetChildDomain (23ms)
		EndReloadAssembly (628ms)
			LoadAssemblies (74ms)
			RebuildTransferFunctionScriptingTraits (0ms)
			SetupTypeCache (219ms)
			ReleaseScriptCaches (1ms)
			RebuildScriptCaches (39ms)
			SetupLoadedEditorAssemblies (235ms)
				LogAssemblyErrors (0ms)
				InitializePlatformSupportModulesInManaged (5ms)
				SetLoadedEditorAssemblies (1ms)
				RefreshPlugins (1ms)
				BeforeProcessingInitializeOnLoad (63ms)
				ProcessInitializeOnLoadAttributes (150ms)
				ProcessInitializeOnLoadMethodAttributes (9ms)
				AfterProcessingInitializeOnLoad (5ms)
				EditorAssembliesLoaded (0ms)
			ExecutionOrderSort2 (0ms)
			AwakeInstancesAfterBackupRestoration (1ms)
Platform modules already initialized, skipping
Refreshing native plugins compatible for Editor in 0.46 ms, found 2 plugins.
Preloading 0 native plugins for Editor in 0.00 ms.
Unloading 2863 Unused Serialized files (Serialized files now loaded: 0)
System memory in use before: 127.4 MB.
System memory in use after: 127.6 MB.

Unloading 12 unused Assets to reduce memory usage. Loaded Objects now: 3461.
Total: 2.221200 ms (FindLiveObjects: 0.180900 ms CreateObjectMapping: 0.115900 ms MarkObjects: 1.908200 ms  DeleteObjects: 0.015500 ms)

AssetImportParameters requested are different than current active one (requested -> active):
  custom:framework-win-MediaFoundation: 216162199b28c13a410421893ffa2e32 -> 
  custom:video-decoder-ogg-theora: a1e56fd34408186e4bbccfd4996cb3dc -> 
  custom:container-muxer-webm: aa71ff27fc2769a1b78a27578f13a17b -> 
  custom:container-demuxer-webm: 4f35f7cbe854078d1ac9338744f61a02 -> 
  custom:container-demuxer-ogg: 62fdf1f143b41e24485cea50d1cbac27 -> 
  custom:video-encoder-webm-vp8: eb34c28f22e8b96e1ab97ce403110664 -> 
  custom:video-decoder-webm-vp8: 9c59270c3fd7afecdb556c50c9e8de78 -> 
  custom:audio-decoder-ogg-vorbis: bf7c407c2cedff20999df2af8eb42d56 -> 
  custom:audio-encoder-webm-vorbis: bf7c407c2cedff20999df2af8eb42d56 -> 
========================================================================
Received Prepare
Refreshing native plugins compatible for Editor in 2.89 ms, found 2 plugins.
Preloading 0 native plugins for Editor in 0.00 ms.
Unloading 10 Unused Serialized files (Serialized files now loaded: 0)
System memory in use before: 70.7 MB.
System memory in use after: 71.0 MB.

Unloading 10 unused Assets to reduce memory usage. Loaded Objects now: 3461.
Total: 2.763100 ms (FindLiveObjects: 0.197300 ms CreateObjectMapping: 0.132400 ms MarkObjects: 2.420100 ms  DeleteObjects: 0.012800 ms)

AssetImportParameters requested are different than current active one (requested -> active):
  custom:framework-win-MediaFoundation: 216162199b28c13a410421893ffa2e32 -> 
  custom:video-decoder-ogg-theora: a1e56fd34408186e4bbccfd4996cb3dc -> 
  custom:container-muxer-webm: aa71ff27fc2769a1b78a27578f13a17b -> 
  custom:container-demuxer-webm: 4f35f7cbe854078d1ac9338744f61a02 -> 
  custom:container-demuxer-ogg: 62fdf1f143b41e24485cea50d1cbac27 -> 
  custom:video-encoder-webm-vp8: eb34c28f22e8b96e1ab97ce403110664 -> 
  custom:video-decoder-webm-vp8: 9c59270c3fd7afecdb556c50c9e8de78 -> 
  custom:audio-decoder-ogg-vorbis: bf7c407c2cedff20999df2af8eb42d56 -> 
  custom:audio-encoder-webm-vorbis: bf7c407c2cedff20999df2af8eb42d56 -> 
========================================================================
Received Prepare
Refreshing native plugins compatible for Editor in 2.21 ms, found 2 plugins.
Preloading 0 native plugins for Editor in 0.00 ms.
Unloading 10 Unused Serialized files (Serialized files now loaded: 0)
System memory in use before: 70.7 MB.
System memory in use after: 71.0 MB.

Unloading 10 unused Assets to reduce memory usage. Loaded Objects now: 3461.
Total: 2.196800 ms (FindLiveObjects: 0.177300 ms CreateObjectMapping: 0.109900 ms MarkObjects: 1.899000 ms  DeleteObjects: 0.010000 ms)

AssetImportParameters requested are different than current active one (requested -> active):
  custom:framework-win-MediaFoundation: 216162199b28c13a410421893ffa2e32 -> 
  custom:video-decoder-ogg-theora: a1e56fd34408186e4bbccfd4996cb3dc -> 
  custom:container-muxer-webm: aa71ff27fc2769a1b78a27578f13a17b -> 
  custom:container-demuxer-webm: 4f35f7cbe854078d1ac9338744f61a02 -> 
  custom:container-demuxer-ogg: 62fdf1f143b41e24485cea50d1cbac27 -> 
  custom:video-encoder-webm-vp8: eb34c28f22e8b96e1ab97ce403110664 -> 
  custom:video-decoder-webm-vp8: 9c59270c3fd7afecdb556c50c9e8de78 -> 
  custom:audio-decoder-ogg-vorbis: bf7c407c2cedff20999df2af8eb42d56 -> 
  custom:audio-encoder-webm-vorbis: bf7c407c2cedff20999df2af8eb42d56 -> 
========================================================================
Received Prepare
Refreshing native plugins compatible for Editor in 2.31 ms, found 2 plugins.
Preloading 0 native plugins for Editor in 0.00 ms.
Unloading 10 Unused Serialized files (Serialized files now loaded: 0)
System memory in use before: 70.7 MB.
System memory in use after: 71.0 MB.

Unloading 10 unused Assets to reduce memory usage. Loaded Objects now: 3461.
Total: 2.175200 ms (FindLiveObjects: 0.177100 ms CreateObjectMapping: 0.110800 ms MarkObjects: 1.876500 ms  DeleteObjects: 0.010300 ms)

AssetImportParameters requested are different than current active one (requested -> active):
  custom:framework-win-MediaFoundation: 216162199b28c13a410421893ffa2e32 -> 
  custom:video-decoder-ogg-theora: a1e56fd34408186e4bbccfd4996cb3dc -> 
  custom:container-muxer-webm: aa71ff27fc2769a1b78a27578f13a17b -> 
  custom:container-demuxer-webm: 4f35f7cbe854078d1ac9338744f61a02 -> 
  custom:container-demuxer-ogg: 62fdf1f143b41e24485cea50d1cbac27 -> 
  custom:video-encoder-webm-vp8: eb34c28f22e8b96e1ab97ce403110664 -> 
  custom:video-decoder-webm-vp8: 9c59270c3fd7afecdb556c50c9e8de78 -> 
  custom:audio-decoder-ogg-vorbis: bf7c407c2cedff20999df2af8eb42d56 -> 
  custom:audio-encoder-webm-vorbis: bf7c407c2cedff20999df2af8eb42d56 -> 
